-------------------------------------------------------------------------------
Test set: CourierAuthorisationTest
-------------------------------------------------------------------------------
Tests run: 5, Failures: 1, Errors: 0, Skipped: 0, Time elapsed: 72.706 s <<< FAILURE! - in CourierAuthorisationTest
authorisationCourierWithoutPassword(CourierAuthorisationTest)  Time elapsed: 66.962 s  <<< FAILURE!
java.lang.AssertionError: 
1 expectation failed.
Expected status code <400> but was <504>.

	at CourierAuthorisationTest.authorisationCourierWithoutPassword(CourierAuthorisationTest.java:73)

